
---------------------------------------------
Status of making mobi:
01% Converting input to HTML...
InputFormatPlugin: Recipe Input running
Using custom recipe
1% Fetching feeds...
1% Got feeds from index page
1% Trying to download cover...
34% Downloading cover from http://simplegene.qiniudn.com/cover.jpg
1% Generating masthead...
Synthesizing mastheadImage
1% Starting download [5 thread(s)]...
1% Article downloaded: 观察是快速成长的一个牛逼技能
1% Article downloaded: 打造一个原汁原味的黑客论坛
1% Article downloaded: 黑客流派中 Web 攻击的地位
2% Article downloaded: 黑客就在你身边 - 通过名片怎么黑掉你
2% Article downloaded: KCon V3 关键通报(快来了!)
2% Article downloaded: KCon V3 知道安全论坛8月举办
2% Article downloaded: 写在阿里上市之际
3% Article downloaded: 隐私大爆炸,你得学几招保护自己
3% Article downloaded: 全国运营、美工设计、新媒体人员、推广专场:从专员到总监
3% Article downloaded: 北京、上海、广州、杭州、南京招聘各类电商人才、IT开发...
3% Article downloaded: 星耀科技专场招聘
4% Article downloaded: 如何减少生活中的问题和烦恼
4% Article downloaded: 微营销的99个技巧--意想不到!看到第6条我就跪了!
4% Article downloaded: 美奈的故事 by Lisa
5% Article downloaded: 成都-深圳-杭州-上海招聘电商、设计、技术、新媒体人才
5% Article downloaded: 泰国21天,从南端到北边 by 欢儿欢-Queenio
5% Article downloaded: 冰岛之岛 by D.T.F.
5% Article downloaded: 我喜欢你是寂静的 by 李斯本
6% Article downloaded: 昨天的图
6% Article downloaded: 重返喀什\u2014\u2014小C搭车去基辅 \u200b 第一更
6% Article downloaded: 住在岛上的日子 by Shine晴
6% Article downloaded: 开奖启示--总有些不靠谱的今日君
7% Article downloaded: 秋天了,我们去探寻香港轻铁 by 巴伐利亚酒神
7% Article downloaded: 有招想去没招死去
7% Article downloaded: 我邂逅的陌生人 by 水夏日
7% Article downloaded: 腾讯「5P门」存在吗?
8% Article downloaded: 澎湃的温柔中指
8% Article downloaded: 你看球时在看什么?
8% Article downloaded: 罗与王的囚徒困境
9% Article downloaded: 戳穿伪智能(脱口秀视频)
9% Article downloaded: 露阴还是正本
9% Article downloaded: 推荐  你还没中大乐透?那就来看看吧
9% Article downloaded: 我为什么不抢iPhone 6,路虎发现神行知道为什么
10% Article downloaded: i 已走进未来,你还要停留于现在?
10% Article downloaded: 黑阿里有道理
10% Article downloaded: 推广  车企也玩起众筹了 你造吗?
10% Article downloaded: 沃尔沃XC CLASSIC,大妈的广场舞再跳12年?
11% Article downloaded: 品牌  三厢奥迪A3 Limousine已经国产上市了,你造吗?
11% Article downloaded: 颜语  用新青年的标准来量量国产奥迪A3的三围
11% Article downloaded: 川藏上的昂科威,居然没高反
12% Article downloaded: 李娜写给我们的30句话
12% Article downloaded: 在爱情中再次启程
12% Article downloaded: 黄秋生:\u201c我希望他们提起时会说:黄秋生,还算是一个人...
12% Article downloaded: 电商秘籍:7天教你打造爆款(第六天)
13% Article downloaded: 白道爱开会  黑道擅执行
13% Article downloaded: 忙碌始终不等于高效|悦读
13% Article downloaded: 东南亚潜水地图(实用干货)  寻趣味
13% Article downloaded: 你结婚到底是为了什么?
14% Article downloaded: 要发展,你怎么能守株待兔  悦读
14% Article downloaded: 马云第一时间接受CNBC专访:最喜欢《阿甘正传》
14% Article downloaded: 火车票退票,方法很绝,不转朋友会恨你!  干货
14% Article downloaded: 如何让团队一起使用某个协作工具?
15% Article downloaded: InfoQ,这一年,步步惊情
15% Article downloaded: 洪晃:为了女儿和家,拒绝生活外包
15% Article downloaded: 从一篇新闻看内容运营的价值
16% Article downloaded: 半虚拟团队的协作之道
16% Article downloaded: 想要什么,就在团队中强调什么
16% Article downloaded: TED演讲的十条黄金法则
16% Article downloaded: 也谈塑身的四个简单方法
17% Article downloaded: 投资人要的是大饼,不是分红
17% Article downloaded: 韩寒的不自信
17% Article downloaded: Polishing Day过程中目标要单一
17% Article downloaded: 失败背后的青春
18% Article downloaded: 百度及多家电商公司高薪招聘技术开发人员和电商人才;坐...
18% Article downloaded: 电影中的苏联印迹
18% Article downloaded: 夏日遗失的27个吻
18% Article downloaded: 要死就一定要死在你手里
19% Article downloaded: 你爱的只是你自己
19% Article downloaded: 带妹子去喝酒,就给她喝林德曼吧
19% Article downloaded: 狂欢圣鹿: 野格
20% Article downloaded: 深夜报社:记周末参加了2014Whisky L
20% Article downloaded: Ardbeg的泥煤轨迹-抵达Uigeadail
20% Article downloaded: 威士忌的醒酒猎酒党
20% Article downloaded: 昨天谢霆锋,今天达明一派
21% Article downloaded: 惟情感有迹可循时
21% Article downloaded: 生活是生活的酬劳,写作是写作的回报
21% Article downloaded: 食物与爱的记忆
21% Article downloaded: 欲取之,必先予之
22% Article downloaded: 最极致\u2014关于啤酒的那些神奇的小故事
22% Article downloaded: 作为对《少年阿德》的交代
22% Article downloaded: 本来我觉得我跟电视机已经没有可能了
23% Article downloaded: 最后知道真相的我眼泪掉下来
23% Article downloaded: Geek改变世界
23% Article downloaded: 有人的地方就有江湖
23% Article downloaded: 谈谈商业模式
24% Article downloaded: 十年
24% Article downloaded: 企业市场的在线销售是个伪命题?
24% Article downloaded: 这不是一个玩具
24% Article downloaded: 谈谈zealer的资本问题
25% Article downloaded: 黑人的正确姿势
25% Article downloaded: 预测世界杯
25% Article downloaded: 捍卫你的原则
25% Article downloaded: 悬念揭晓,微信吹响企业号了!
26% Article downloaded: 中国人保、腾讯、麦盛100亿元战略入股中国石化销售有限...
26% Article downloaded: 有种淡淡的忧伤,叫做\u201c别人家老师\u201d
26% Article downloaded: 同事亲历的一次电话诈骗
27% Article downloaded: 158%收益率!教你如何坐在奥迪车上数钱
27% Article downloaded: 独家揭秘:微信登录页面的隐藏深意
27% Article downloaded: 两亿鹅,吉尼斯世界纪录
27% Article downloaded: 想去纽交所敲钟?腾讯创业训练营等你来!
28% Article downloaded: 三分钟,读懂腾讯为啥要做电影
28% Article downloaded: 腾讯校招历年真题曝光 你能达到应届生水平吗?
28% Article downloaded: 一位母亲为女儿所做的祷告
28% Article downloaded: 走自己的路,要让别人说
29% Article downloaded: 新加坡总理李显龙到访腾讯总部,与小马哥用微信玩自拍
29% Article downloaded: 听齐泽克讲没品笑话
29% Article downloaded: 从iPhone6的文案看\u201c假古文\u201d翻译
29% Article downloaded: \u201c下流社会\u201d周一见
30% Article downloaded: 电影《教父》何以成为杰作?
30% Article downloaded: 我们的村庄
30% Article downloaded: 吉姆·罗杰斯给女儿的18条建议
31% Article downloaded: 无人会 登临意
31% Article downloaded: 「锤子科技」罗永浩忽悠钱晨了吗?
31% Article downloaded: 「台湾IT」互联网空白
31% Article downloaded: 这是王自如的女友吗?
32% Article downloaded: 加班 还是 不加班?
32% Article downloaded: 「杂谈」水火可相容
32% Article downloaded: 「台湾IT」互联网空白 续
32% Article downloaded: 自如和老罗勾结了吗?
33% Article downloaded: 「杂谈」转行的难度
33% Article downloaded: 从ALS谈 · 懂丢手帕的才是够格的名人
Could not fetch image  http://mmbiz.qpic.cn/mmbiz/BjibY806pjwjh9mIPRfK9zNrwfHg90UBCyL0eIdXfUxViaUZ7t7HnDKJNMibwWP0wjMticbBszYtORu1WaLABUp8Fw/0
33% Article downloaded: 领张香港驾照,开车环游世界  趣味
Could not fetch link http://mp.weixin.qq.com/s?__biz=MzA3MzA2MDIzMw==&mid=200014287&idx=1&sn=4bcd7a78e233b0c8ec61b1e8771a4813&3rd=MzA3MDU4NTYzMw==&scene=6#rd
Failed to download article: 钱并不是坏东西 from http://mp.weixin.qq.com/s?__biz=MzA3MzA2MDIzMw==&mid=200014287&idx=1&sn=4bcd7a78e233b0c8ec61b1e8771a4813&3rd=MzA3MDU4NTYzMw==&scene=6#rd
34% Article download failed: 钱并不是坏东西
34% Feeds downloaded to /tmp/calibre_1.25.0_tmp_Vr7vo1/4BxU84_plumber/index.html
34% Download finished
Failed to download the following articles:
钱并不是坏东西 from 白板报
Parsing all content...
Forcing feed_10/article_5/index.html into XHTML namespace
Forcing feed_11/article_1/index.html into XHTML namespace
Forcing feed_5/article_4/index.html into XHTML namespace
Forcing feed_13/article_5/index.html into XHTML namespace
Forcing feed_6/article_4/index.html into XHTML namespace
Forcing feed_10/article_1/index.html into XHTML namespace
Forcing feed_11/article_4/index.html into XHTML namespace
Forcing feed_4/article_1/index.html into XHTML namespace
Forcing feed_10/article_2/index.html into XHTML namespace
Forcing feed_10/article_9/index.html into XHTML namespace
Forcing feed_6/article_1/index.html into XHTML namespace
Forcing feed_5/article_0/index.html into XHTML namespace
Forcing feed_13/article_6/index.html into XHTML namespace
Forcing feed_6/article_8/index.html into XHTML namespace
Forcing feed_10/article_7/index.html into XHTML namespace
Forcing feed_9/article_0/index.html into XHTML namespace
Forcing feed_0/article_5/index.html into XHTML namespace
Forcing feed_7/article_6/index.html into XHTML namespace
Forcing feed_10/article_3/index.html into XHTML namespace
Forcing feed_11/article_6/index.html into XHTML namespace
Forcing feed_11/article_8/index.html into XHTML namespace
Forcing feed_9/article_5/index.html into XHTML namespace
Forcing feed_10/article_4/index.html into XHTML namespace
Forcing feed_9/article_4/index.html into XHTML namespace
Forcing feed_8/article_2/index.html into XHTML namespace
Forcing feed_6/article_0/index.html into XHTML namespace
Forcing feed_10/article_0/index.html into XHTML namespace
Forcing feed_11/article_2/index.html into XHTML namespace
Forcing feed_10/article_6/index.html into XHTML namespace
Forcing feed_10/article_8/index.html into XHTML namespace
Forcing feed_9/article_3/index.html into XHTML namespace
Forcing feed_0/article_0/index.html into XHTML namespace
Forcing feed_6/article_2/index.html into XHTML namespace
Forcing feed_11/article_9/index.html into XHTML namespace
Forcing feed_9/article_7/index.html into XHTML namespace
Forcing feed_12/article_8/index.html into XHTML namespace
Forcing feed_12/article_5/index.html into XHTML namespace
Forcing feed_7/article_7/index.html into XHTML namespace
Forcing feed_11/article_5/index.html into XHTML namespace
Forcing feed_9/article_6/index.html into XHTML namespace
Forcing feed_12/article_3/index.html into XHTML namespace
Forcing feed_5/article_8/index.html into XHTML namespace
Forcing feed_8/article_0/index.html into XHTML namespace
Forcing feed_8/article_5/index.html into XHTML namespace
Forcing feed_13/article_4/index.html into XHTML namespace
Forcing feed_4/article_2/index.html into XHTML namespace
Forcing feed_11/article_7/index.html into XHTML namespace
Forcing feed_13/article_8/index.html into XHTML namespace
Forcing feed_9/article_2/index.html into XHTML namespace
Forcing feed_12/article_6/index.html into XHTML namespace
Forcing feed_11/article_3/index.html into XHTML namespace
Forcing feed_13/article_3/index.html into XHTML namespace
Forcing feed_6/article_6/index.html into XHTML namespace
Forcing feed_4/article_7/index.html into XHTML namespace
Forcing feed_2/article_6/index.html into XHTML namespace
Forcing feed_7/article_3/index.html into XHTML namespace
Forcing feed_2/article_2/index.html into XHTML namespace
Forcing feed_0/article_1/index.html into XHTML namespace
Forcing feed_2/article_3/index.html into XHTML namespace
Forcing feed_0/article_2/index.html into XHTML namespace
Forcing feed_2/article_7/index.html into XHTML namespace
Forcing feed_9/article_1/index.html into XHTML namespace
Forcing feed_4/article_3/index.html into XHTML namespace
Forcing feed_7/article_5/index.html into XHTML namespace
Forcing feed_2/article_4/index.html into XHTML namespace
Forcing feed_0/article_6/index.html into XHTML namespace
Forcing index.html into XHTML namespace
Forcing feed_4/article_0/index.html into XHTML namespace
Forcing feed_4/article_4/index.html into XHTML namespace
Forcing feed_5/article_2/index.html into XHTML namespace
Forcing feed_13/article_2/index.html into XHTML namespace
Forcing feed_6/article_7/index.html into XHTML namespace
Forcing feed_0/article_4/index.html into XHTML namespace
Forcing feed_6/article_9/index.html into XHTML namespace
Forcing feed_2/article_8/index.html into XHTML namespace
Forcing feed_12/article_1/index.html into XHTML namespace
Forcing feed_5/article_9/index.html into XHTML namespace
Forcing feed_8/article_4/index.html into XHTML namespace
Forcing feed_3/article_5/index.html into XHTML namespace
Forcing feed_13/article_1/index.html into XHTML namespace
Forcing feed_5/article_5/index.html into XHTML namespace
Forcing feed_7/article_4/index.html into XHTML namespace
Forcing feed_1/article_1/index.html into XHTML namespace
Forcing feed_3/article_1/index.html into XHTML namespace
Forcing feed_1/article_5/index.html into XHTML namespace
Forcing feed_8/article_3/index.html into XHTML namespace
Forcing feed_1/article_2/index.html into XHTML namespace
Forcing feed_3/article_2/index.html into XHTML namespace
Forcing feed_5/article_7/index.html into XHTML namespace
Forcing feed_7/article_1/index.html into XHTML namespace
Forcing feed_5/article_6/index.html into XHTML namespace
Forcing feed_13/article_7/index.html into XHTML namespace
Forcing feed_3/article_6/index.html into XHTML namespace
Forcing feed_5/article_3/index.html into XHTML namespace
Forcing feed_11/article_0/index.html into XHTML namespace
Forcing feed_1/article_6/index.html into XHTML namespace
Forcing feed_3/article_7/index.html into XHTML namespace
Forcing feed_6/article_3/index.html into XHTML namespace
Forcing feed_12/article_0/index.html into XHTML namespace
Forcing feed_1/article_4/index.html into XHTML namespace
Forcing feed_6/article_5/index.html into XHTML namespace
Forcing feed_3/article_3/index.html into XHTML namespace
Forcing feed_1/article_3/index.html into XHTML namespace
Forcing feed_13/article_0/index.html into XHTML namespace
Forcing feed_0/article_3/index.html into XHTML namespace
Forcing feed_3/article_4/index.html into XHTML namespace
Forcing feed_1/article_8/index.html into XHTML namespace
Forcing feed_7/article_0/index.html into XHTML namespace
Forcing feed_12/article_7/index.html into XHTML namespace
Forcing feed_1/article_0/index.html into XHTML namespace
Forcing feed_1/article_7/index.html into XHTML namespace
Forcing feed_3/article_0/index.html into XHTML namespace
Forcing feed_8/article_1/index.html into XHTML namespace
Forcing feed_2/article_5/index.html into XHTML namespace
Forcing feed_3/article_8/index.html into XHTML namespace
Forcing feed_2/article_9/index.html into XHTML namespace
Forcing feed_7/article_2/index.html into XHTML namespace
Forcing feed_12/article_2/index.html into XHTML namespace
Forcing feed_2/article_1/index.html into XHTML namespace
Referenced file u'feed_14/index.html' not found
Referenced file u'feed_12/article_4/index.html' not found
34% Running transforms on ebook...
Merging user specified metadata...
Detecting structure...
Flattening CSS and remapping font sizes...
Source base font size is 12.00000pt
Removing fake margins...
Cleaning up manifest...
Trimming unused files from manifest...
Creating MOBI Output...
67% Running MOBI Output plugin
Serializing resources...
Converting TOC for MOBI periodical indexing...
Creating MOBI 6 output
Generating in-line TOC...
Applying case-transforming CSS...
Rasterizing SVG images...
Converting XHTML to Mobipocket markup...
Failed to find image: http://mmbiz.qpic.cn/mmbiz/BjibY806pjwjh9mIPRfK9zNrwfHg90UBCyL0eIdXfUxViaUZ7t7HnDKJNMibwWP0wjMticbBszYtORu1WaLABUp8Fw/0
Serializing markup content...
  Compressing markup content...
Generating MOBI index for a periodical
MOBI output written to /home/makttub/workspace/weixin2kindle/wz/2014_09_23_20_10_28_916396.mobi
Output saved to   /home/makttub/workspace/weixin2kindle/wz/2014_09_23_20_10_28_916396.mobi
---------------------------------------------
Status of send:
Success