
---------------------------------------------
Status of making mobi:
01% Converting input to HTML...
InputFormatPlugin: Recipe Input running
Using custom recipe
1% Fetching feeds...
1% Got feeds from index page
1% Trying to download cover...
34% Downloading cover from http://simplegene.qiniudn.com/cover.jpg
1% Generating masthead...
Synthesizing mastheadImage
1% Starting download [5 thread(s)]...
12% Article downloaded: 【下厨房】居香港:六种花样米饭
23% Article downloaded: 遇见未知的自己
34% Article downloaded: 陪我一起度过漫长岁月  九个青春微信号推荐
34% Feeds downloaded to /tmp/calibre_1.25.0_tmp_2TQbpR/GsjqL0_plumber/index.html
34% Download finished
Parsing all content...
Forcing index.html into XHTML namespace
Forcing feed_1/article_0/index.html into XHTML namespace
Referenced file u'feed_2/index.html' not found
34% Running transforms on ebook...
Merging user specified metadata...
Detecting structure...
Flattening CSS and remapping font sizes...
Source base font size is 12.00000pt
Removing fake margins...
Cleaning up manifest...
Trimming unused files from manifest...
Creating MOBI Output...
67% Running MOBI Output plugin
Serializing resources...
Converting TOC for MOBI periodical indexing...
Creating MOBI 6 output
Generating in-line TOC...
Applying case-transforming CSS...
Rasterizing SVG images...
Converting XHTML to Mobipocket markup...
Serializing markup content...
  Compressing markup content...
Generating MOBI index for a periodical
MOBI output written to /home/makttub/workspace/weixin2kindle/wz/2014_09_23_14_37_59_868720.mobi
Output saved to   /home/makttub/workspace/weixin2kindle/wz/2014_09_23_14_37_59_868720.mobi
---------------------------------------------
Status of send:
Success